[debug] [2020-07-04T15:01:08.649Z] ----------------------------------------------------------------------
[debug] [2020-07-04T15:01:08.650Z] Command:       C:\Program Files\nodejs\node.exe C:\Users\chibe\AppData\Roaming\npm\node_modules\firebase-tools\lib\bin\firebase.js init
[debug] [2020-07-04T15:01:08.651Z] CLI Version:   8.4.3
[debug] [2020-07-04T15:01:08.651Z] Platform:      win32
[debug] [2020-07-04T15:01:08.651Z] Node Version:  v12.18.1
[debug] [2020-07-04T15:01:08.652Z] Time:          Sun Jul 05 2020 00:01:08 GMT+0900 (GMT+09:00)
[debug] [2020-07-04T15:01:08.652Z] ----------------------------------------------------------------------
[debug] [2020-07-04T15:01:08.652Z] 
[debug] [2020-07-04T15:01:08.660Z] > command requires scopes: ["email","openid","https://www.googleapis.com/auth/cloudplatformprojects.readonly","https://www.googleapis.com/auth/firebase","https://www.googleapis.com/auth/cloud-platform"]
[debug] [2020-07-04T15:01:08.660Z] > authorizing via signed-in user
[info] 
     ######## #### ########  ######## ########     ###     ######  ########
     ##        ##  ##     ## ##       ##     ##  ##   ##  ##       ##
     ######    ##  ########  ######   ########  #########  ######  ######
     ##        ##  ##    ##  ##       ##     ## ##     ##       ## ##
     ##       #### ##     ## ######## ########  ##     ##  ######  ########

You're about to initialize a Firebase project in this directory:

  C:\Users\chibe\Desktop\体調管理vue.js

[info] 
=== Project Setup
[info] 
[info] First, let's associate this project directory with a Firebase project.
[info] You can create multiple project aliases by running firebase use --add, 
[info] but for now we'll just set up a default project.
[info] 
[info] i  If you want to create a project in a Google Cloud organization or folder, please use "firebase projects:create" instead, and return to this command when you've created the project. 
